app/build/outputs/logs/manifest-merger-debug-report.txt
-- Merging decision tree log ---
manifest
ADDED from src\main\AndroidManifest.xml:2:1-118:12
	package
		ADDED from src\main\AndroidManifest.xml:3:5-34
		INJECTED from src\main\AndroidManifest.xml
		INJECTED from src\main\AndroidManifest.xml
	android:versionName
		ADDED from src\main\AndroidManifest.xml:5:5-32
		INJECTED from src\main\AndroidManifest.xml
		INJECTED from src\main\AndroidManifest.xml
	android:versionCode
		ADDED from src\main\AndroidManifest.xml:4:5-29
		INJECTED from src\main\AndroidManifest.xml
		INJECTED from src\main\AndroidManifest.xml
	xmlns:android
		ADDED from src\main\AndroidManifest.xml:2:11-69
uses-permission#android.permission.READ_PHONE_STATE
ADDED from src\main\AndroidManifest.xml:8:5-75
	android:name
		ADDED from src\main\AndroidManifest.xml:8:22-72
uses-permission#android.permission.ACCESS_FINE_LOCATION
ADDED from src\main\AndroidManifest.xml:9:5-79
	android:name
		ADDED from src\main\AndroidManifest.xml:9:22-76
uses-permission#android.permission.GET_ACCOUNTS
ADDED from src\main\AndroidManifest.xml:10:5-71
	android:name
		ADDED from src\main\AndroidManifest.xml:10:22-68
uses-permission#android.permission.READ_PROFILE
ADDED from src\main\AndroidManifest.xml:11:5-71
	android:name
		ADDED from src\main\AndroidManifest.xml:11:22-68
uses-permission#android.permission.READ_CONTACTS
ADDED from src\main\AndroidManifest.xml:12:5-72
	android:name
		ADDED from src\main\AndroidManifest.xml:12:22-69
uses-permission#android.permission.INTERNET
ADDED from src\main\AndroidManifest.xml:13:5-67
	android:name
		ADDED from src\main\AndroidManifest.xml:13:22-64
uses-permission#android.permission.BLUETOOTH
ADDED from src\main\AndroidManifest.xml:14:5-68
	android:name
		ADDED from src\main\AndroidManifest.xml:14:22-65
uses-permission#android.permission.BLUETOOTH_ADMIN
ADDED from src\main\AndroidManifest.xml:15:5-74
	android:name
		ADDED from src\main\AndroidManifest.xml:15:22-71
uses-permission#android.permission.RECEIVE_BOOT_COMPLETED
ADDED from src\main\AndroidManifest.xml:16:5-81
	android:name
		ADDED from src\main\AndroidManifest.xml:16:22-78
uses-permission#android.permission.ACCESS_NETWORK_STATE
ADDED from src\main\AndroidManifest.xml:17:5-79
	android:name
		ADDED from src\main\AndroidManifest.xml:17:22-76
uses-permission#android.permission.READ_EXTERNAL_STORAGE
ADDED from src\main\AndroidManifest.xml:18:5-80
	android:name
		ADDED from src\main\AndroidManifest.xml:18:22-77
uses-permission#android.permission.WRITE_EXTERNAL_STORAGE
ADDED from src\main\AndroidManifest.xml:19:5-81
	android:name
		ADDED from src\main\AndroidManifest.xml:19:22-78
uses-permission#android.permission.GET_TASKS
ADDED from src\main\AndroidManifest.xml:20:5-68
	android:name
		ADDED from src\main\AndroidManifest.xml:20:22-65
uses-permission#android.permission.WAKE_LOCK
ADDED from src\main\AndroidManifest.xml:21:5-68
	android:name
		ADDED from src\main\AndroidManifest.xml:21:22-65
uses-permission#android.permission.WRITE_SETTINGS
ADDED from src\main\AndroidManifest.xml:22:5-73
	android:name
		ADDED from src\main\AndroidManifest.xml:22:22-70
uses-permission#android.permission.SET_TIME_ZONE
ADDED from src\main\AndroidManifest.xml:23:5-72
	android:name
		ADDED from src\main\AndroidManifest.xml:23:22-69
uses-permission#android.permission.ACCESS_WIFI_STATE
ADDED from src\main\AndroidManifest.xml:24:5-92
	android:name
		ADDED from src\main\AndroidManifest.xml:24:22-73
uses-permission#android.permission.CHANGE_WIFI_STATE
ADDED from src\main\AndroidManifest.xml:25:5-92
	android:name
		ADDED from src\main\AndroidManifest.xml:25:22-73
uses-permission#android.permission.ACCESS_LOCATION_EXTRA_COMMANDS
ADDED from src\main\AndroidManifest.xml:27:5-89
	android:name
		ADDED from src\main\AndroidManifest.xml:27:22-86
permission#com.hutchgroup.elog.permission.MAPS_RECEIVE
ADDED from src\main\AndroidManifest.xml:30:5-32:47
	android:protectionLevel
		ADDED from src\main\AndroidManifest.xml:32:9-44
	android:name
		ADDED from src\main\AndroidManifest.xml:31:9-67
uses-permission#com.hutchgroup.elog.permission.MAPS_RECEIVE
ADDED from src\main\AndroidManifest.xml:34:5-83
	android:name
		ADDED from src\main\AndroidManifest.xml:34:22-80
uses-permission#com.google.android.providers.gsf.permission.READ_GSERVICES
ADDED from src\main\AndroidManifest.xml:35:5-98
	android:name
		ADDED from src\main\AndroidManifest.xml:35:22-95
uses-permission#android.permission.ACCESS_COARSE_LOCATION
ADDED from src\main\AndroidManifest.xml:39:5-81
	android:name
		ADDED from src\main\AndroidManifest.xml:39:22-78
uses-feature#0x00020000
ADDED from src\main\AndroidManifest.xml:41:5-43:35
	android:glEsVersion
		ADDED from src\main\AndroidManifest.xml:42:9-41
	android:required
		ADDED from src\main\AndroidManifest.xml:43:9-32
uses-feature#android.hardware.usb.host
ADDED from src\main\AndroidManifest.xml:45:5-62
	android:name
		ADDED from src\main\AndroidManifest.xml:45:19-59
application
ADDED from src\main\AndroidManifest.xml:47:5-116:19
MERGED from [com.android.support:design:23.3.0] AndroidManifest.xml:22:5-20
MERGED from [com.android.support:appcompat-v7:23.3.0] AndroidManifest.xml:25:5-20
MERGED from [com.android.support:support-vector-drawable:23.3.0] AndroidManifest.xml:7:5-20
MERGED from [com.android.support:support-v4:23.3.0] AndroidManifest.xml:22:5-20
MERGED from [com.android.support:animated-vector-drawable:23.3.0] AndroidManifest.xml:7:5-20
	android:label
		ADDED from src\main\AndroidManifest.xml:51:9-41
	android:manageSpaceActivity
		ADDED from src\main\AndroidManifest.xml:52:9-78
	android:allowBackup
		ADDED from src\main\AndroidManifest.xml:49:9-35
	android:icon
		ADDED from src\main\AndroidManifest.xml:50:9-43
	android:theme
		ADDED from src\main\AndroidManifest.xml:53:9-40
	android:name
		ADDED from src\main\AndroidManifest.xml:48:9-40
activity#com.hutchgroup.elog.ElogActivity
ADDED from src\main\AndroidManifest.xml:55:9-57:75
	android:configChanges
		ADDED from src\main\AndroidManifest.xml:57:13-72
	android:name
		ADDED from src\main\AndroidManifest.xml:56:13-41
activity#com.hutchgroup.elog.SetupActivity
ADDED from src\main\AndroidManifest.xml:59:9-63:20
	android:configChanges
		ADDED from src\main\AndroidManifest.xml:61:13-74
	android:name
		ADDED from src\main\AndroidManifest.xml:60:13-42
activity#com.hutchgroup.elog.FirstTimeUser
ADDED from src\main\AndroidManifest.xml:65:9-69:20
	android:configChanges
		ADDED from src\main\AndroidManifest.xml:67:13-74
	android:name
		ADDED from src\main\AndroidManifest.xml:66:13-42
activity#com.hutchgroup.elog.FirstActivity
ADDED from src\main\AndroidManifest.xml:70:9-75:20
	android:name
		ADDED from src\main\AndroidManifest.xml:70:19-48
intent-filter#android.intent.action.MAIN+android.intent.category.LAUNCHER
ADDED from src\main\AndroidManifest.xml:71:13-74:29
action#android.intent.action.MAIN
ADDED from src\main\AndroidManifest.xml:72:17-69
	android:name
		ADDED from src\main\AndroidManifest.xml:72:25-66
category#android.intent.category.LAUNCHER
ADDED from src\main\AndroidManifest.xml:73:17-77
	android:name
		ADDED from src\main\AndroidManifest.xml:73:27-74
activity#com.hutchgroup.elog.SplashActivity
ADDED from src\main\AndroidManifest.xml:77:9-81:20
	android:theme
		ADDED from src\main\AndroidManifest.xml:79:13-71
	android:name
		ADDED from src\main\AndroidManifest.xml:78:13-43
activity#com.hutchgroup.elog.MainActivity
ADDED from src\main\AndroidManifest.xml:83:9-87:63
	android:launchMode
		ADDED from src\main\AndroidManifest.xml:86:13-43
	android:windowSoftInputMode
		ADDED from src\main\AndroidManifest.xml:87:13-60
	android:configChanges
		ADDED from src\main\AndroidManifest.xml:85:13-74
	android:name
		ADDED from src\main\AndroidManifest.xml:84:13-41
activity#com.hutchgroup.elog.CertifyLogActivity
ADDED from src\main\AndroidManifest.xml:88:9-56
	android:name
		ADDED from src\main\AndroidManifest.xml:88:19-53
activity#com.hutchgroup.elog.ManageSpaceActivity
ADDED from src\main\AndroidManifest.xml:91:9-93:66
	android:label
		ADDED from src\main\AndroidManifest.xml:93:13-63
	android:name
		ADDED from src\main\AndroidManifest.xml:92:13-48
receiver#com.hutchgroup.elog.tracklocations.GpsBroadCastReceiver
ADDED from src\main\AndroidManifest.xml:95:9-102:20
	android:name
		ADDED from src\main\AndroidManifest.xml:95:19-70
intent-filter#android.intent.action.ACTION_ACL_CONNECTED+android.intent.action.ACTION_ACL_DISCONNECTED+android.intent.action.BOOT_COMPLETED+android.intent.action.SCREEN_ON
ADDED from src\main\AndroidManifest.xml:96:13-101:29
action#android.intent.action.BOOT_COMPLETED
ADDED from src\main\AndroidManifest.xml:97:17-79
	android:name
		ADDED from src\main\AndroidManifest.xml:97:25-76
action#android.intent.action.SCREEN_ON
ADDED from src\main\AndroidManifest.xml:98:17-74
	android:name
		ADDED from src\main\AndroidManifest.xml:98:25-71
action#android.intent.action.ACTION_ACL_CONNECTED
ADDED from src\main\AndroidManifest.xml:99:17-85
	android:name
		ADDED from src\main\AndroidManifest.xml:99:25-82
action#android.intent.action.ACTION_ACL_DISCONNECTED
ADDED from src\main\AndroidManifest.xml:100:17-88
	android:name
		ADDED from src\main\AndroidManifest.xml:100:25-85
service#com.hutchgroup.elog.services.AutoStartService
ADDED from src\main\AndroidManifest.xml:104:9-106:38
	android:enabled
		ADDED from src\main\AndroidManifest.xml:106:13-35
	android:name
		ADDED from src\main\AndroidManifest.xml:105:13-54
provider#com.hutchgroup.elog.common.CachedFileProvider
ADDED from src\main\AndroidManifest.xml:109:9-111:73
	android:authorities
		ADDED from src\main\AndroidManifest.xml:111:13-70
	android:name
		ADDED from src\main\AndroidManifest.xml:110:13-54
activity#com.hutchgroup.elog.daily_log_dashboard
ADDED from src\main\AndroidManifest.xml:113:9-85
	android:name
		ADDED from src\main\AndroidManifest.xml:113:19-73
uses-sdk
INJECTED from src\main\AndroidManifest.xml reason: use-sdk injection requested
MERGED from [com.android.support:design:23.3.0] AndroidManifest.xml:20:5-43
MERGED from [com.android.support:appcompat-v7:23.3.0] AndroidManifest.xml:21:5-23:78
MERGED from [com.android.support:support-vector-drawable:23.3.0] AndroidManifest.xml:5:5-43
MERGED from [com.android.support:support-v4:23.3.0] AndroidManifest.xml:20:5-43
MERGED from [com.android.support:animated-vector-drawable:23.3.0] AndroidManifest.xml:5:5-44
MERGED from [com.android.support:recyclerview-v7:23.3.0] AndroidManifest.xml:20:5-43
	tools:overrideLibrary
		ADDED from [com.android.support:appcompat-v7:23.3.0] AndroidManifest.xml:23:9-75
	android:targetSdkVersion
		INJECTED from src\main\AndroidManifest.xml
		INJECTED from src\main\AndroidManifest.xml
	android:minSdkVersion
		INJECTED from src\main\AndroidManifest.xml
		INJECTED from src\main\AndroidManifest.xml